TN:
SF:src\controllers\UserController.ts
FN:4,<instance_members_initializer>
FN:7,UserController
FN:11,createUser
FN:25,getUser
FN:32,deleteUser
FNF:5
FNH:3
FNDA:1,<instance_members_initializer>
FNDA:1,UserController
FNDA:0,createUser
FNDA:1,getUser
FNDA:0,deleteUser
DA:1,1
DA:2,1
DA:3,1
DA:4,1
DA:5,1
DA:6,1
DA:7,1
DA:8,1
DA:9,1
DA:10,1
DA:11,1
DA:12,0
DA:13,0
DA:14,0
DA:15,0
DA:16,0
DA:17,0
DA:18,0
DA:19,0
DA:20,0
DA:21,0
DA:22,0
DA:23,1
DA:24,1
DA:25,1
DA:26,1
DA:27,1
DA:28,1
DA:29,1
DA:30,1
DA:31,1
DA:32,1
DA:33,0
DA:34,0
DA:35,0
DA:36,0
DA:37,0
DA:38,1
DA:39,1
LF:39
LH:23
BRDA:4,0,0,1
BRDA:7,1,0,1
BRDA:25,2,0,1
BRF:3
BRH:3
end_of_record
