TN:
SF:src\controllers\LoginController.ts
FN:5,<instance_members_initializer>
FN:8,LoginController
FN:12,login
FNF:3
FNH:3
FNDA:1,<instance_members_initializer>
FNDA:1,LoginController
FNDA:2,login
DA:1,1
DA:2,1
DA:3,1
DA:4,1
DA:5,1
DA:6,1
DA:7,1
DA:8,1
DA:9,1
DA:10,1
DA:11,1
DA:12,1
DA:13,2
DA:14,2
DA:15,2
DA:16,2
DA:17,1
DA:18,1
DA:19,1
DA:20,1
DA:21,1
DA:22,1
DA:23,1
LF:23
LH:23
BRDA:5,0,0,1
BRDA:8,1,0,1
BRDA:12,2,0,2
BRDA:17,3,0,1
BRF:4
BRH:4
end_of_record
TN:
SF:src\controllers\UserController.ts
FN:5,<instance_members_initializer>
FN:8,UserController
FN:12,createUser
FN:33,getUser
FN:48,deleteUser
FNF:5
FNH:5
FNDA:1,<instance_members_initializer>
FNDA:1,UserController
FNDA:4,createUser
FNDA:1,getUser
FNDA:2,deleteUser
DA:1,1
DA:2,1
DA:3,1
DA:4,1
DA:5,1
DA:6,1
DA:7,1
DA:8,1
DA:9,1
DA:10,1
DA:11,1
DA:12,1
DA:13,4
DA:14,4
DA:15,4
DA:16,3
DA:17,3
DA:18,3
DA:19,3
DA:20,1
DA:21,1
DA:22,1
DA:23,1
DA:24,1
DA:25,1
DA:26,1
DA:27,1
DA:28,1
DA:29,1
DA:30,1
DA:31,1
DA:32,1
DA:33,1
DA:34,1
DA:35,1
DA:36,1
DA:37,1
DA:38,0
DA:39,0
DA:40,1
DA:41,1
DA:42,1
DA:43,1
DA:44,1
DA:45,1
DA:46,1
DA:47,1
DA:48,1
DA:49,2
DA:50,2
DA:51,2
DA:52,2
DA:53,1
DA:54,1
DA:55,1
DA:56,1
DA:57,1
DA:58,1
DA:59,1
LF:59
LH:57
BRDA:5,0,0,1
BRDA:8,1,0,1
BRDA:12,2,0,4
BRDA:15,3,0,3
BRDA:15,4,0,2
BRDA:15,5,0,3
BRDA:20,6,0,1
BRDA:33,7,0,1
BRDA:37,8,0,0
BRDA:48,9,0,2
BRDA:53,10,0,1
BRF:11
BRH:10
end_of_record
TN:
SF:src\entities\User.ts
FN:4,<instance_members_initializer>
FN:17,User
FNF:2
FNH:2
FNDA:1,<instance_members_initializer>
FNDA:1,User
DA:1,1
DA:2,1
DA:3,1
DA:4,1
DA:5,1
DA:6,1
DA:7,1
DA:8,1
DA:9,1
DA:10,1
DA:11,1
DA:12,1
DA:13,1
DA:14,1
DA:15,1
DA:16,1
DA:17,1
DA:18,1
DA:19,1
DA:20,1
DA:21,1
DA:22,1
DA:23,1
LF:23
LH:23
BRDA:4,0,0,1
BRDA:17,1,0,1
BRF:2
BRH:2
end_of_record
TN:
SF:src\repositories\UserRepository.ts
FN:4,<instance_members_initializer>
FN:5,UserRepository
FN:7,createUser
FN:11,getUser
FN:19,getUserByEmailAndPassword
FN:31,deleteUser
FNF:6
FNH:6
FNDA:1,<instance_members_initializer>
FNDA:1,UserRepository
FNDA:1,createUser
FNDA:1,getUser
FNDA:1,getUserByEmailAndPassword
FNDA:1,deleteUser
DA:1,1
DA:2,1
DA:3,1
DA:4,1
DA:5,1
DA:6,1
DA:7,1
DA:8,1
DA:9,1
DA:10,1
DA:11,1
DA:12,1
DA:13,1
DA:14,1
DA:15,1
DA:16,1
DA:17,1
DA:18,1
DA:19,1
DA:20,1
DA:21,1
DA:22,1
DA:23,1
DA:24,1
DA:25,1
DA:26,1
DA:27,1
DA:28,1
DA:29,1
DA:30,1
DA:31,1
DA:32,1
DA:33,1
DA:34,1
DA:35,1
DA:36,1
DA:37,1
DA:38,1
DA:39,1
DA:40,1
LF:40
LH:40
BRDA:4,0,0,1
BRDA:5,1,0,1
BRDA:7,2,0,1
BRDA:11,3,0,1
BRDA:19,4,0,1
BRDA:31,5,0,1
BRF:6
BRH:6
end_of_record
TN:
SF:src\services\UserService.ts
FN:6,<instance_members_initializer>
FN:9,UserService
FN:12,createUser
FN:21,getUser
FN:25,getAuthenticatedUser
FN:32,getToken
FN:54,deleteUser
FNF:7
FNH:5
FNDA:1,<instance_members_initializer>
FNDA:1,UserService
FNDA:1,createUser
FNDA:0,getUser
FNDA:0,getAuthenticatedUser
FNDA:2,getToken
FNDA:1,deleteUser
DA:1,1
DA:2,1
DA:3,1
DA:4,1
DA:5,1
DA:6,1
DA:7,1
DA:8,1
DA:9,1
DA:10,1
DA:11,1
DA:12,1
DA:13,1
DA:14,1
DA:15,1
DA:16,1
DA:17,1
DA:18,1
DA:19,1
DA:20,1
DA:21,1
DA:22,0
DA:23,1
DA:24,1
DA:25,1
DA:26,0
DA:27,0
DA:28,0
DA:29,0
DA:30,1
DA:31,1
DA:32,1
DA:33,2
DA:34,2
DA:35,2
DA:36,1
DA:37,1
DA:38,1
DA:39,1
DA:40,2
DA:41,2
DA:42,2
DA:43,2
DA:44,2
DA:45,2
DA:46,2
DA:47,2
DA:48,2
DA:49,2
DA:50,2
DA:51,2
DA:52,1
DA:53,1
DA:54,1
DA:55,1
DA:56,1
DA:57,1
LF:57
LH:52
BRDA:6,0,0,1
BRDA:9,1,0,1
BRDA:12,2,0,1
BRDA:32,3,0,2
BRDA:35,4,0,1
BRDA:41,5,0,1
BRDA:46,6,0,1
BRDA:54,7,0,1
BRF:8
BRH:8
end_of_record
